  [4;36;1mSQL (0.0ms)[0m   [0;1mSET NAMES 'utf8'[0m
  [4;35;1mSQL (0.0ms)[0m   [0mSET SQL_AUTO_IS_NULL=0[0m


Processing ApplicationController#index (for 127.0.0.1 at 2009-10-02 12:42:43) [GET]

ActionController::RoutingError (No route matches "/user" with {:method=>:get}):
  c:/ruby/lib/ruby/1.8/webrick/httpserver.rb:104:in `service'
  c:/ruby/lib/ruby/1.8/webrick/httpserver.rb:65:in `run'
  c:/ruby/lib/ruby/1.8/webrick/server.rb:173:in `start_thread'
  c:/ruby/lib/ruby/1.8/webrick/server.rb:162:in `start'
  c:/ruby/lib/ruby/1.8/webrick/server.rb:162:in `start_thread'
  c:/ruby/lib/ruby/1.8/webrick/server.rb:95:in `start'
  c:/ruby/lib/ruby/1.8/webrick/server.rb:92:in `each'
  c:/ruby/lib/ruby/1.8/webrick/server.rb:92:in `start'
  c:/ruby/lib/ruby/1.8/webrick/server.rb:23:in `start'
  c:/ruby/lib/ruby/1.8/webrick/server.rb:82:in `start'

Rendering rescues/layout (not_found)
  [4;36;1mSQL (0.0ms)[0m   [0;1mSET NAMES 'utf8'[0m
  [4;35;1mSQL (0.0ms)[0m   [0mSET SQL_AUTO_IS_NULL=0[0m


Processing UsersController#index (for 127.0.0.1 at 2009-10-02 12:43:31) [GET]
  [4;36;1mUser Load (0.0ms)[0m   [0;1mMysql::Error: Table 'user_registration.users' doesn't exist: SELECT * FROM `users` [0m

ActiveRecord::StatementInvalid (Mysql::Error: Table 'user_registration.users' doesn't exist: SELECT * FROM `users` ):
  app/controllers/users_controller.rb:5:in `index'
  c:/ruby/lib/ruby/1.8/webrick/httpserver.rb:104:in `service'
  c:/ruby/lib/ruby/1.8/webrick/httpserver.rb:65:in `run'
  c:/ruby/lib/ruby/1.8/webrick/server.rb:173:in `start_thread'
  c:/ruby/lib/ruby/1.8/webrick/server.rb:162:in `start'
  c:/ruby/lib/ruby/1.8/webrick/server.rb:162:in `start_thread'
  c:/ruby/lib/ruby/1.8/webrick/server.rb:95:in `start'
  c:/ruby/lib/ruby/1.8/webrick/server.rb:92:in `each'
  c:/ruby/lib/ruby/1.8/webrick/server.rb:92:in `start'
  c:/ruby/lib/ruby/1.8/webrick/server.rb:23:in `start'
  c:/ruby/lib/ruby/1.8/webrick/server.rb:82:in `start'

Rendered rescues/_trace (78.0ms)
Rendered rescues/_request_and_response (16.0ms)
Rendering rescues/layout (internal_server_error)
  [4;36;1mSQL (0.0ms)[0m   [0;1mSET NAMES 'utf8'[0m
  [4;35;1mSQL (0.0ms)[0m   [0mSET SQL_AUTO_IS_NULL=0[0m
  [4;36;1mSQL (0.0ms)[0m   [0;1mSHOW TABLES[0m
  [4;35;1mSQL (0.0ms)[0m   [0mSHOW TABLES[0m
  [4;36;1mSQL (281.0ms)[0m   [0;1mCREATE TABLE `schema_migrations` (`version` varchar(255) NOT NULL) ENGINE=InnoDB[0m
  [4;35;1mSQL (266.0ms)[0m   [0mCREATE UNIQUE INDEX `unique_schema_migrations` ON `schema_migrations` (`version`)[0m
  [4;36;1mSQL (15.0ms)[0m   [0;1mSHOW TABLES[0m
  [4;35;1mSQL (0.0ms)[0m   [0mSELECT version FROM schema_migrations[0m
Migrating to CreateUsers (20091002070903)
  [4;36;1mSQL (94.0ms)[0m   [0;1mCREATE TABLE `users` (`id` int(11) DEFAULT NULL auto_increment PRIMARY KEY, `login` varchar(255), `name` varchar(255), `email` varchar(255), `created_at` datetime, `updated_at` datetime) ENGINE=InnoDB[0m
  [4;35;1mSQL (15.0ms)[0m   [0mINSERT INTO schema_migrations (version) VALUES ('20091002070903')[0m
  [4;36;1mSQL (0.0ms)[0m   [0;1mSHOW TABLES[0m
  [4;35;1mSQL (0.0ms)[0m   [0mSELECT version FROM schema_migrations[0m
  [4;36;1mSQL (0.0ms)[0m   [0;1mSHOW TABLES[0m
  [4;35;1mSQL (31.0ms)[0m   [0mSHOW FIELDS FROM `users`[0m
  [4;36;1mSQL (15.0ms)[0m   [0;1mdescribe `users`[0m
  [4;35;1mSQL (0.0ms)[0m   [0mSHOW KEYS FROM `users`[0m
  [4;35;1mSQL (0.0ms)[0m   [0mSET NAMES 'utf8'[0m
  [4;36;1mSQL (0.0ms)[0m   [0;1mSET SQL_AUTO_IS_NULL=0[0m


Processing UsersController#index (for 127.0.0.1 at 2009-10-02 12:44:04) [GET]
  [4;35;1mUser Load (0.0ms)[0m   [0mSELECT * FROM `users` [0m
Rendering template within layouts/users
Rendering users/index
Completed in 641ms (View: 609, DB: 0) | 200 OK [http://localhost/users]
  [4;36;1mSQL (0.0ms)[0m   [0;1mSET NAMES 'utf8'[0m
  [4;35;1mSQL (0.0ms)[0m   [0mSET SQL_AUTO_IS_NULL=0[0m


Processing UsersController#new (for 127.0.0.1 at 2009-10-02 12:44:06) [GET]
  [4;36;1mUser Columns (16.0ms)[0m   [0;1mSHOW FIELDS FROM `users`[0m
Rendering template within layouts/users
Rendering users/new

ActionView::TemplateError (undefined method `password' for #<User:0x531874c>) on line #12 of app/views/users/new.html.erb:
9:   </p>
10:   <p>
11:     <%= f.label :password %><br />
12:     <%= f.text_field :password %>
13:   </p>
14:   <p>
15:     <%= f.label :name %><br />

    app/views/users/new.html.erb:12
    app/views/users/new.html.erb:3
    app/controllers/users_controller.rb:29:in `new'
    c:/ruby/lib/ruby/1.8/webrick/httpserver.rb:104:in `service'
    c:/ruby/lib/ruby/1.8/webrick/httpserver.rb:65:in `run'
    c:/ruby/lib/ruby/1.8/webrick/server.rb:173:in `start_thread'
    c:/ruby/lib/ruby/1.8/webrick/server.rb:162:in `start'
    c:/ruby/lib/ruby/1.8/webrick/server.rb:162:in `start_thread'
    c:/ruby/lib/ruby/1.8/webrick/server.rb:95:in `start'
    c:/ruby/lib/ruby/1.8/webrick/server.rb:92:in `each'
    c:/ruby/lib/ruby/1.8/webrick/server.rb:92:in `start'
    c:/ruby/lib/ruby/1.8/webrick/server.rb:23:in `start'
    c:/ruby/lib/ruby/1.8/webrick/server.rb:82:in `start'

Rendered rescues/_trace (172.0ms)
Rendered rescues/_request_and_response (0.0ms)
Rendering rescues/layout (internal_server_error)
  [4;35;1mSQL (0.0ms)[0m   [0mSET NAMES 'utf8'[0m
  [4;36;1mSQL (0.0ms)[0m   [0;1mSET SQL_AUTO_IS_NULL=0[0m


Processing UsersController#new (for 127.0.0.1 at 2009-10-02 12:45:08) [GET]
  [4;35;1mUser Columns (16.0ms)[0m   [0mSHOW FIELDS FROM `users`[0m
Rendering template within layouts/users
Rendering users/new

ActionView::TemplateError (undefined method `password' for #<User:0x37979dc>) on line #12 of app/views/users/new.html.erb:
9:   </p>
10:   <p>
11:     <%= f.label :password %><br />
12:     <%= f.text_field :password %>
13:   </p>
14:   <p>
15:     <%= f.label :name %><br />

    app/views/users/new.html.erb:12
    app/views/users/new.html.erb:3
    app/controllers/users_controller.rb:29:in `new'
    c:/ruby/lib/ruby/1.8/webrick/httpserver.rb:104:in `service'
    c:/ruby/lib/ruby/1.8/webrick/httpserver.rb:65:in `run'
    c:/ruby/lib/ruby/1.8/webrick/server.rb:173:in `start_thread'
    c:/ruby/lib/ruby/1.8/webrick/server.rb:162:in `start'
    c:/ruby/lib/ruby/1.8/webrick/server.rb:162:in `start_thread'
    c:/ruby/lib/ruby/1.8/webrick/server.rb:95:in `start'
    c:/ruby/lib/ruby/1.8/webrick/server.rb:92:in `each'
    c:/ruby/lib/ruby/1.8/webrick/server.rb:92:in `start'
    c:/ruby/lib/ruby/1.8/webrick/server.rb:23:in `start'
    c:/ruby/lib/ruby/1.8/webrick/server.rb:82:in `start'

Rendered rescues/_trace (156.0ms)
Rendered rescues/_request_and_response (0.0ms)
Rendering rescues/layout (internal_server_error)
  [4;36;1mSQL (0.0ms)[0m   [0;1mSET NAMES 'utf8'[0m
  [4;35;1mSQL (0.0ms)[0m   [0mSET SQL_AUTO_IS_NULL=0[0m


Processing UsersController#new (for 127.0.0.1 at 2009-10-02 12:45:09) [GET]
  [4;36;1mUser Columns (16.0ms)[0m   [0;1mSHOW FIELDS FROM `users`[0m
Rendering template within layouts/users
Rendering users/new

ActionView::TemplateError (undefined method `password' for #<User:0x37cb4d0>) on line #12 of app/views/users/new.html.erb:
9:   </p>
10:   <p>
11:     <%= f.label :password %><br />
12:     <%= f.text_field :password %>
13:   </p>
14:   <p>
15:     <%= f.label :name %><br />

    app/views/users/new.html.erb:12
    app/views/users/new.html.erb:3
    app/controllers/users_controller.rb:29:in `new'
    c:/ruby/lib/ruby/1.8/webrick/httpserver.rb:104:in `service'
    c:/ruby/lib/ruby/1.8/webrick/httpserver.rb:65:in `run'
    c:/ruby/lib/ruby/1.8/webrick/server.rb:173:in `start_thread'
    c:/ruby/lib/ruby/1.8/webrick/server.rb:162:in `start'
    c:/ruby/lib/ruby/1.8/webrick/server.rb:162:in `start_thread'
    c:/ruby/lib/ruby/1.8/webrick/server.rb:95:in `start'
    c:/ruby/lib/ruby/1.8/webrick/server.rb:92:in `each'
    c:/ruby/lib/ruby/1.8/webrick/server.rb:92:in `start'
    c:/ruby/lib/ruby/1.8/webrick/server.rb:23:in `start'
    c:/ruby/lib/ruby/1.8/webrick/server.rb:82:in `start'

Rendered rescues/_trace (297.0ms)
Rendered rescues/_request_and_response (16.0ms)
Rendering rescues/layout (internal_server_error)
  [4;35;1mSQL (0.0ms)[0m   [0mSET NAMES 'utf8'[0m
  [4;36;1mSQL (0.0ms)[0m   [0;1mSET SQL_AUTO_IS_NULL=0[0m


Processing UsersController#new (for 127.0.0.1 at 2009-10-02 12:45:10) [GET]
  [4;35;1mUser Columns (16.0ms)[0m   [0mSHOW FIELDS FROM `users`[0m
Rendering template within layouts/users
Rendering users/new

ActionView::TemplateError (undefined method `password' for #<User:0x381f4cc>) on line #12 of app/views/users/new.html.erb:
9:   </p>
10:   <p>
11:     <%= f.label :password %><br />
12:     <%= f.text_field :password %>
13:   </p>
14:   <p>
15:     <%= f.label :name %><br />

    app/views/users/new.html.erb:12
    app/views/users/new.html.erb:3
    app/controllers/users_controller.rb:29:in `new'
    c:/ruby/lib/ruby/1.8/webrick/httpserver.rb:104:in `service'
    c:/ruby/lib/ruby/1.8/webrick/httpserver.rb:65:in `run'
    c:/ruby/lib/ruby/1.8/webrick/server.rb:173:in `start_thread'
    c:/ruby/lib/ruby/1.8/webrick/server.rb:162:in `start'
    c:/ruby/lib/ruby/1.8/webrick/server.rb:162:in `start_thread'
    c:/ruby/lib/ruby/1.8/webrick/server.rb:95:in `start'
    c:/ruby/lib/ruby/1.8/webrick/server.rb:92:in `each'
    c:/ruby/lib/ruby/1.8/webrick/server.rb:92:in `start'
    c:/ruby/lib/ruby/1.8/webrick/server.rb:23:in `start'
    c:/ruby/lib/ruby/1.8/webrick/server.rb:82:in `start'

Rendered rescues/_trace (235.0ms)
Rendered rescues/_request_and_response (0.0ms)
Rendering rescues/layout (internal_server_error)
  [4;36;1mSQL (0.0ms)[0m   [0;1mSET NAMES 'utf8'[0m
  [4;35;1mSQL (16.0ms)[0m   [0mSET SQL_AUTO_IS_NULL=0[0m


Processing UsersController#new (for 127.0.0.1 at 2009-10-02 12:46:35) [GET]
  [4;36;1mUser Columns (16.0ms)[0m   [0;1mSHOW FIELDS FROM `users`[0m
Rendering template within layouts/users
Rendering users/new

ActionView::TemplateError (undefined method `password' for #<User:0x38741c0>) on line #12 of app/views/users/new.html.erb:
9:   </p>
10:   <p>
11:     <%= f.label :password %><br />
12:     <%= f.password_field :password %>
13:   </p>
14:   <p>
15:     <%= f.label :name %><br />

    app/views/users/new.html.erb:12
    app/views/users/new.html.erb:3
    app/controllers/users_controller.rb:29:in `new'
    c:/ruby/lib/ruby/1.8/webrick/httpserver.rb:104:in `service'
    c:/ruby/lib/ruby/1.8/webrick/httpserver.rb:65:in `run'
    c:/ruby/lib/ruby/1.8/webrick/server.rb:173:in `start_thread'
    c:/ruby/lib/ruby/1.8/webrick/server.rb:162:in `start'
    c:/ruby/lib/ruby/1.8/webrick/server.rb:162:in `start_thread'
    c:/ruby/lib/ruby/1.8/webrick/server.rb:95:in `start'
    c:/ruby/lib/ruby/1.8/webrick/server.rb:92:in `each'
    c:/ruby/lib/ruby/1.8/webrick/server.rb:92:in `start'
    c:/ruby/lib/ruby/1.8/webrick/server.rb:23:in `start'
    c:/ruby/lib/ruby/1.8/webrick/server.rb:82:in `start'

Rendered rescues/_trace (140.0ms)
Rendered rescues/_request_and_response (0.0ms)
Rendering rescues/layout (internal_server_error)
  [4;35;1mSQL (0.0ms)[0m   [0mSET NAMES 'utf8'[0m
  [4;36;1mSQL (0.0ms)[0m   [0;1mSET SQL_AUTO_IS_NULL=0[0m


Processing UsersController#new (for 127.0.0.1 at 2009-10-02 12:46:37) [GET]
  [4;35;1mUser Columns (16.0ms)[0m   [0mSHOW FIELDS FROM `users`[0m
Rendering template within layouts/users
Rendering users/new

ActionView::TemplateError (undefined method `password' for #<User:0x38933a4>) on line #12 of app/views/users/new.html.erb:
9:   </p>
10:   <p>
11:     <%= f.label :password %><br />
12:     <%= f.password_field :password %>
13:   </p>
14:   <p>
15:     <%= f.label :name %><br />

    app/views/users/new.html.erb:12
    app/views/users/new.html.erb:3
    app/controllers/users_controller.rb:29:in `new'
    c:/ruby/lib/ruby/1.8/webrick/httpserver.rb:104:in `service'
    c:/ruby/lib/ruby/1.8/webrick/httpserver.rb:65:in `run'
    c:/ruby/lib/ruby/1.8/webrick/server.rb:173:in `start_thread'
    c:/ruby/lib/ruby/1.8/webrick/server.rb:162:in `start'
    c:/ruby/lib/ruby/1.8/webrick/server.rb:162:in `start_thread'
    c:/ruby/lib/ruby/1.8/webrick/server.rb:95:in `start'
    c:/ruby/lib/ruby/1.8/webrick/server.rb:92:in `each'
    c:/ruby/lib/ruby/1.8/webrick/server.rb:92:in `start'
    c:/ruby/lib/ruby/1.8/webrick/server.rb:23:in `start'
    c:/ruby/lib/ruby/1.8/webrick/server.rb:82:in `start'

Rendered rescues/_trace (156.0ms)
Rendered rescues/_request_and_response (0.0ms)
Rendering rescues/layout (internal_server_error)
  [4;36;1mSQL (0.0ms)[0m   [0;1mSET NAMES 'utf8'[0m
  [4;35;1mSQL (0.0ms)[0m   [0mSET SQL_AUTO_IS_NULL=0[0m


Processing UsersController#new (for 127.0.0.1 at 2009-10-02 12:46:37) [GET]
  [4;36;1mUser Columns (16.0ms)[0m   [0;1mSHOW FIELDS FROM `users`[0m
Rendering template within layouts/users
Rendering users/new

ActionView::TemplateError (undefined method `password' for #<User:0x37407f4>) on line #12 of app/views/users/new.html.erb:
9:   </p>
10:   <p>
11:     <%= f.label :password %><br />
12:     <%= f.password_field :password %>
13:   </p>
14:   <p>
15:     <%= f.label :name %><br />

    app/views/users/new.html.erb:12
    app/views/users/new.html.erb:3
    app/controllers/users_controller.rb:29:in `new'
    c:/ruby/lib/ruby/1.8/webrick/httpserver.rb:104:in `service'
    c:/ruby/lib/ruby/1.8/webrick/httpserver.rb:65:in `run'
    c:/ruby/lib/ruby/1.8/webrick/server.rb:173:in `start_thread'
    c:/ruby/lib/ruby/1.8/webrick/server.rb:162:in `start'
    c:/ruby/lib/ruby/1.8/webrick/server.rb:162:in `start_thread'
    c:/ruby/lib/ruby/1.8/webrick/server.rb:95:in `start'
    c:/ruby/lib/ruby/1.8/webrick/server.rb:92:in `each'
    c:/ruby/lib/ruby/1.8/webrick/server.rb:92:in `start'
    c:/ruby/lib/ruby/1.8/webrick/server.rb:23:in `start'
    c:/ruby/lib/ruby/1.8/webrick/server.rb:82:in `start'

Rendered rescues/_trace (141.0ms)
Rendered rescues/_request_and_response (0.0ms)
Rendering rescues/layout (internal_server_error)
  [4;35;1mSQL (0.0ms)[0m   [0mSET NAMES 'utf8'[0m
  [4;36;1mSQL (0.0ms)[0m   [0;1mSET SQL_AUTO_IS_NULL=0[0m


Processing UsersController#new (for 127.0.0.1 at 2009-10-02 12:46:48) [GET]
  [4;35;1mUser Columns (16.0ms)[0m   [0mSHOW FIELDS FROM `users`[0m
Rendering template within layouts/users
Rendering users/new

ActionView::TemplateError (undefined method `password' for #<User:0x37936ac>) on line #12 of app/views/users/new.html.erb:
9:   </p>
10:   <p>
11:     <%= f.label :password %><br />
12:     <%= f.password_field :password %>
13:   </p>
14:   <p>
15:     <%= f.label :name %><br />

    app/views/users/new.html.erb:12
    app/views/users/new.html.erb:3
    app/controllers/users_controller.rb:29:in `new'
    c:/ruby/lib/ruby/1.8/webrick/httpserver.rb:104:in `service'
    c:/ruby/lib/ruby/1.8/webrick/httpserver.rb:65:in `run'
    c:/ruby/lib/ruby/1.8/webrick/server.rb:173:in `start_thread'
    c:/ruby/lib/ruby/1.8/webrick/server.rb:162:in `start'
    c:/ruby/lib/ruby/1.8/webrick/server.rb:162:in `start_thread'
    c:/ruby/lib/ruby/1.8/webrick/server.rb:95:in `start'
    c:/ruby/lib/ruby/1.8/webrick/server.rb:92:in `each'
    c:/ruby/lib/ruby/1.8/webrick/server.rb:92:in `start'
    c:/ruby/lib/ruby/1.8/webrick/server.rb:23:in `start'
    c:/ruby/lib/ruby/1.8/webrick/server.rb:82:in `start'

Rendered rescues/_trace (141.0ms)
Rendered rescues/_request_and_response (0.0ms)
Rendering rescues/layout (internal_server_error)
  [4;36;1mSQL (0.0ms)[0m   [0;1mSET NAMES 'utf8'[0m
  [4;35;1mSQL (0.0ms)[0m   [0mSET SQL_AUTO_IS_NULL=0[0m


Processing UsersController#new (for 127.0.0.1 at 2009-10-02 12:49:35) [GET]
  [4;36;1mUser Columns (0.0ms)[0m   [0;1mSHOW FIELDS FROM `users`[0m
Rendering template within layouts/users
Rendering users/new

ActionView::TemplateError (undefined method `password' for #<User:0x37baacc>) on line #12 of app/views/users/new.html.erb:
9:   </p>
10:   <p>
11:     <%= f.label :password %><br />
12:     <%= f.password_field :password %>
13:   </p>
14:   <p>
15:     <%= f.label :name %><br />

    app/views/users/new.html.erb:12
    app/views/users/new.html.erb:3
    app/controllers/users_controller.rb:29:in `new'
    c:/ruby/lib/ruby/1.8/webrick/httpserver.rb:104:in `service'
    c:/ruby/lib/ruby/1.8/webrick/httpserver.rb:65:in `run'
    c:/ruby/lib/ruby/1.8/webrick/server.rb:173:in `start_thread'
    c:/ruby/lib/ruby/1.8/webrick/server.rb:162:in `start'
    c:/ruby/lib/ruby/1.8/webrick/server.rb:162:in `start_thread'
    c:/ruby/lib/ruby/1.8/webrick/server.rb:95:in `start'
    c:/ruby/lib/ruby/1.8/webrick/server.rb:92:in `each'
    c:/ruby/lib/ruby/1.8/webrick/server.rb:92:in `start'
    c:/ruby/lib/ruby/1.8/webrick/server.rb:23:in `start'
    c:/ruby/lib/ruby/1.8/webrick/server.rb:82:in `start'

Rendered rescues/_trace (266.0ms)
Rendered rescues/_request_and_response (0.0ms)
Rendering rescues/layout (internal_server_error)
  [4;35;1mSQL (0.0ms)[0m   [0mSET NAMES 'utf8'[0m
  [4;36;1mSQL (0.0ms)[0m   [0;1mSET SQL_AUTO_IS_NULL=0[0m


Processing UsersController#new (for 127.0.0.1 at 2009-10-02 12:49:37) [GET]
  [4;35;1mUser Columns (16.0ms)[0m   [0mSHOW FIELDS FROM `users`[0m
Rendering template within layouts/users
Rendering users/new

ActionView::TemplateError (undefined method `password' for #<User:0x380ac48>) on line #12 of app/views/users/new.html.erb:
9:   </p>
10:   <p>
11:     <%= f.label :password %><br />
12:     <%= f.password_field :password %>
13:   </p>
14:   <p>
15:     <%= f.label :name %><br />

    app/views/users/new.html.erb:12
    app/views/users/new.html.erb:3
    app/controllers/users_controller.rb:29:in `new'
    c:/ruby/lib/ruby/1.8/webrick/httpserver.rb:104:in `service'
    c:/ruby/lib/ruby/1.8/webrick/httpserver.rb:65:in `run'
    c:/ruby/lib/ruby/1.8/webrick/server.rb:173:in `start_thread'
    c:/ruby/lib/ruby/1.8/webrick/server.rb:162:in `start'
    c:/ruby/lib/ruby/1.8/webrick/server.rb:162:in `start_thread'
    c:/ruby/lib/ruby/1.8/webrick/server.rb:95:in `start'
    c:/ruby/lib/ruby/1.8/webrick/server.rb:92:in `each'
    c:/ruby/lib/ruby/1.8/webrick/server.rb:92:in `start'
    c:/ruby/lib/ruby/1.8/webrick/server.rb:23:in `start'
    c:/ruby/lib/ruby/1.8/webrick/server.rb:82:in `start'

Rendered rescues/_trace (297.0ms)
Rendered rescues/_request_and_response (0.0ms)
Rendering rescues/layout (internal_server_error)
  [4;36;1mSQL (0.0ms)[0m   [0;1mSET NAMES 'utf8'[0m
  [4;35;1mSQL (0.0ms)[0m   [0mSET SQL_AUTO_IS_NULL=0[0m


Processing UsersController#new (for 127.0.0.1 at 2009-10-02 12:49:37) [GET]
  [4;36;1mUser Columns (16.0ms)[0m   [0;1mSHOW FIELDS FROM `users`[0m
Rendering template within layouts/users
Rendering users/new

ActionView::TemplateError (undefined method `password' for #<User:0x386060c>) on line #12 of app/views/users/new.html.erb:
9:   </p>
10:   <p>
11:     <%= f.label :password %><br />
12:     <%= f.password_field :password %>
13:   </p>
14:   <p>
15:     <%= f.label :name %><br />

    app/views/users/new.html.erb:12
    app/views/users/new.html.erb:3
    app/controllers/users_controller.rb:29:in `new'
    c:/ruby/lib/ruby/1.8/webrick/httpserver.rb:104:in `service'
    c:/ruby/lib/ruby/1.8/webrick/httpserver.rb:65:in `run'
    c:/ruby/lib/ruby/1.8/webrick/server.rb:173:in `start_thread'
    c:/ruby/lib/ruby/1.8/webrick/server.rb:162:in `start'
    c:/ruby/lib/ruby/1.8/webrick/server.rb:162:in `start_thread'
    c:/ruby/lib/ruby/1.8/webrick/server.rb:95:in `start'
    c:/ruby/lib/ruby/1.8/webrick/server.rb:92:in `each'
    c:/ruby/lib/ruby/1.8/webrick/server.rb:92:in `start'
    c:/ruby/lib/ruby/1.8/webrick/server.rb:23:in `start'
    c:/ruby/lib/ruby/1.8/webrick/server.rb:82:in `start'

Rendered rescues/_trace (141.0ms)
Rendered rescues/_request_and_response (0.0ms)
Rendering rescues/layout (internal_server_error)
  [4;36;1mSQL (0.0ms)[0m   [0;1mSET NAMES 'utf8'[0m
  [4;35;1mSQL (0.0ms)[0m   [0mSET SQL_AUTO_IS_NULL=0[0m
  [4;36;1mSQL (31.0ms)[0m   [0;1mSHOW TABLES[0m
  [4;35;1mSQL (16.0ms)[0m   [0mSELECT version FROM schema_migrations[0m
Migrating to CreateUsers (20091002072340)
  [4;36;1mSQL (0.0ms)[0m   [0;1mMysql::Error: Table 'users' already exists: CREATE TABLE `users` (`id` int(11) DEFAULT NULL auto_increment PRIMARY KEY, `login` varchar(255), `password` varchar(255), `name` varchar(255), `email` varchar(255), `created_at` datetime, `updated_at` datetime) ENGINE=InnoDB[0m
  [4;36;1mSQL (0.0ms)[0m   [0;1mSET NAMES 'utf8'[0m
  [4;35;1mSQL (0.0ms)[0m   [0mSET SQL_AUTO_IS_NULL=0[0m
  [4;36;1mSQL (0.0ms)[0m   [0;1mSHOW TABLES[0m
  [4;35;1mSQL (78.0ms)[0m   [0mCREATE TABLE `schema_migrations` (`version` varchar(255) NOT NULL) ENGINE=InnoDB[0m
  [4;36;1mSQL (157.0ms)[0m   [0;1mCREATE UNIQUE INDEX `unique_schema_migrations` ON `schema_migrations` (`version`)[0m
  [4;35;1mSQL (0.0ms)[0m   [0mSHOW TABLES[0m
  [4;36;1mSQL (0.0ms)[0m   [0;1mSELECT version FROM schema_migrations[0m
Migrating to CreateUsers (20091002072340)
  [4;35;1mSQL (47.0ms)[0m   [0mCREATE TABLE `users` (`id` int(11) DEFAULT NULL auto_increment PRIMARY KEY, `login` varchar(255), `password` varchar(255), `name` varchar(255), `email` varchar(255), `created_at` datetime, `updated_at` datetime) ENGINE=InnoDB[0m
  [4;36;1mSQL (31.0ms)[0m   [0;1mINSERT INTO schema_migrations (version) VALUES ('20091002072340')[0m
  [4;35;1mSQL (16.0ms)[0m   [0mSHOW TABLES[0m
  [4;36;1mSQL (0.0ms)[0m   [0;1mSELECT version FROM schema_migrations[0m
  [4;35;1mSQL (0.0ms)[0m   [0mSHOW TABLES[0m
  [4;36;1mSQL (15.0ms)[0m   [0;1mSHOW FIELDS FROM `users`[0m
  [4;35;1mSQL (0.0ms)[0m   [0mdescribe `users`[0m
  [4;36;1mSQL (16.0ms)[0m   [0;1mSHOW KEYS FROM `users`[0m
  [4;35;1mSQL (0.0ms)[0m   [0mSET NAMES 'utf8'[0m
  [4;36;1mSQL (0.0ms)[0m   [0;1mSET SQL_AUTO_IS_NULL=0[0m


Processing UsersController#new (for 127.0.0.1 at 2009-10-02 12:57:14) [GET]
  [4;35;1mUser Columns (16.0ms)[0m   [0mSHOW FIELDS FROM `users`[0m
Rendering template within layouts/users
Rendering users/new
Completed in 78ms (View: 46, DB: 16) | 200 OK [http://localhost/users/new]
  [4;36;1mSQL (0.0ms)[0m   [0;1mSET NAMES 'utf8'[0m
  [4;35;1mSQL (0.0ms)[0m   [0mSET SQL_AUTO_IS_NULL=0[0m


Processing UsersController#new (for 127.0.0.1 at 2009-10-02 12:57:49) [GET]
  [4;36;1mUser Columns (15.0ms)[0m   [0;1mSHOW FIELDS FROM `users`[0m
Rendering template within layouts/users
Rendering users/new
Completed in 78ms (View: 47, DB: 15) | 200 OK [http://localhost/users/new]
  [4;35;1mSQL (0.0ms)[0m   [0mSET NAMES 'utf8'[0m
  [4;36;1mSQL (16.0ms)[0m   [0;1mSET SQL_AUTO_IS_NULL=0[0m


Processing UsersController#new (for 127.0.0.1 at 2009-10-02 12:59:01) [GET]
  [4;35;1mUser Columns (16.0ms)[0m   [0mSHOW FIELDS FROM `users`[0m
Rendering template within layouts/users
Rendering users/new

ActionView::TemplateError (undefined method `confirm_password' for #<User:0x37dbe20>) on line #16 of app/views/users/new.html.erb:
13:   </p>
14:   <p>
15:     <%= f.label :confirm_password %><br />
16:     <%= f.password_field :confirm_password %>
17:   </p>
18:  <p>
19:     <%= f.label :name %><br />

    app/views/users/new.html.erb:16
    app/views/users/new.html.erb:3
    app/controllers/users_controller.rb:29:in `new'
    c:/ruby/lib/ruby/1.8/webrick/httpserver.rb:104:in `service'
    c:/ruby/lib/ruby/1.8/webrick/httpserver.rb:65:in `run'
    c:/ruby/lib/ruby/1.8/webrick/server.rb:173:in `start_thread'
    c:/ruby/lib/ruby/1.8/webrick/server.rb:162:in `start'
    c:/ruby/lib/ruby/1.8/webrick/server.rb:162:in `start_thread'
    c:/ruby/lib/ruby/1.8/webrick/server.rb:95:in `start'
    c:/ruby/lib/ruby/1.8/webrick/server.rb:92:in `each'
    c:/ruby/lib/ruby/1.8/webrick/server.rb:92:in `start'
    c:/ruby/lib/ruby/1.8/webrick/server.rb:23:in `start'
    c:/ruby/lib/ruby/1.8/webrick/server.rb:82:in `start'

Rendered rescues/_trace (250.0ms)
Rendered rescues/_request_and_response (0.0ms)
Rendering rescues/layout (internal_server_error)
  [4;36;1mSQL (0.0ms)[0m   [0;1mSET NAMES 'utf8'[0m
  [4;35;1mSQL (0.0ms)[0m   [0mSET SQL_AUTO_IS_NULL=0[0m


Processing UsersController#new (for 127.0.0.1 at 2009-10-02 12:59:18) [GET]
  [4;36;1mUser Columns (16.0ms)[0m   [0;1mSHOW FIELDS FROM `users`[0m
Rendering template within layouts/users
Rendering users/new

ActionView::TemplateError (undefined method `confirm_password' for #<User:0x37c222c>) on line #16 of app/views/users/new.html.erb:
13:   </p>
14:   <p>
15:     <%= f.label :confirm_password %><br />
16:     <%= f.password_field :confirm_password %>
17:   </p>
18:  <p>
19:     <%= f.label :name %><br />

    app/views/users/new.html.erb:16
    app/views/users/new.html.erb:3
    app/controllers/users_controller.rb:29:in `new'
    c:/ruby/lib/ruby/1.8/webrick/httpserver.rb:104:in `service'
    c:/ruby/lib/ruby/1.8/webrick/httpserver.rb:65:in `run'
    c:/ruby/lib/ruby/1.8/webrick/server.rb:173:in `start_thread'
    c:/ruby/lib/ruby/1.8/webrick/server.rb:162:in `start'
    c:/ruby/lib/ruby/1.8/webrick/server.rb:162:in `start_thread'
    c:/ruby/lib/ruby/1.8/webrick/server.rb:95:in `start'
    c:/ruby/lib/ruby/1.8/webrick/server.rb:92:in `each'
    c:/ruby/lib/ruby/1.8/webrick/server.rb:92:in `start'
    c:/ruby/lib/ruby/1.8/webrick/server.rb:23:in `start'
    c:/ruby/lib/ruby/1.8/webrick/server.rb:82:in `start'

Rendered rescues/_trace (266.0ms)
Rendered rescues/_request_and_response (0.0ms)
Rendering rescues/layout (internal_server_error)
  [4;35;1mSQL (0.0ms)[0m   [0mSET NAMES 'utf8'[0m
  [4;36;1mSQL (0.0ms)[0m   [0;1mSET SQL_AUTO_IS_NULL=0[0m


Processing UsersController#new (for 127.0.0.1 at 2009-10-02 12:59:19) [GET]
  [4;35;1mUser Columns (0.0ms)[0m   [0mSHOW FIELDS FROM `users`[0m
Rendering template within layouts/users
Rendering users/new

ActionView::TemplateError (undefined method `confirm_password' for #<User:0x3825890>) on line #16 of app/views/users/new.html.erb:
13:   </p>
14:   <p>
15:     <%= f.label :confirm_password %><br />
16:     <%= f.password_field :confirm_password %>
17:   </p>
18:  <p>
19:     <%= f.label :name %><br />

    app/views/users/new.html.erb:16
    app/views/users/new.html.erb:3
    app/controllers/users_controller.rb:29:in `new'
    c:/ruby/lib/ruby/1.8/webrick/httpserver.rb:104:in `service'
    c:/ruby/lib/ruby/1.8/webrick/httpserver.rb:65:in `run'
    c:/ruby/lib/ruby/1.8/webrick/server.rb:173:in `start_thread'
    c:/ruby/lib/ruby/1.8/webrick/server.rb:162:in `start'
    c:/ruby/lib/ruby/1.8/webrick/server.rb:162:in `start_thread'
    c:/ruby/lib/ruby/1.8/webrick/server.rb:95:in `start'
    c:/ruby/lib/ruby/1.8/webrick/server.rb:92:in `each'
    c:/ruby/lib/ruby/1.8/webrick/server.rb:92:in `start'
    c:/ruby/lib/ruby/1.8/webrick/server.rb:23:in `start'
    c:/ruby/lib/ruby/1.8/webrick/server.rb:82:in `start'

Rendered rescues/_trace (297.0ms)
Rendered rescues/_request_and_response (0.0ms)
Rendering rescues/layout (internal_server_error)
  [4;36;1mSQL (0.0ms)[0m   [0;1mSET NAMES 'utf8'[0m
  [4;35;1mSQL (0.0ms)[0m   [0mSET SQL_AUTO_IS_NULL=0[0m


Processing UsersController#new (for 127.0.0.1 at 2009-10-02 12:59:20) [GET]
  [4;36;1mUser Columns (15.0ms)[0m   [0;1mSHOW FIELDS FROM `users`[0m
Rendering template within layouts/users
Rendering users/new

ActionView::TemplateError (undefined method `confirm_password' for #<User:0x387d400>) on line #16 of app/views/users/new.html.erb:
13:   </p>
14:   <p>
15:     <%= f.label :confirm_password %><br />
16:     <%= f.password_field :confirm_password %>
17:   </p>
18:  <p>
19:     <%= f.label :name %><br />

    app/views/users/new.html.erb:16
    app/views/users/new.html.erb:3
    app/controllers/users_controller.rb:29:in `new'
    c:/ruby/lib/ruby/1.8/webrick/httpserver.rb:104:in `service'
    c:/ruby/lib/ruby/1.8/webrick/httpserver.rb:65:in `run'
    c:/ruby/lib/ruby/1.8/webrick/server.rb:173:in `start_thread'
    c:/ruby/lib/ruby/1.8/webrick/server.rb:162:in `start'
    c:/ruby/lib/ruby/1.8/webrick/server.rb:162:in `start_thread'
    c:/ruby/lib/ruby/1.8/webrick/server.rb:95:in `start'
    c:/ruby/lib/ruby/1.8/webrick/server.rb:92:in `each'
    c:/ruby/lib/ruby/1.8/webrick/server.rb:92:in `start'
    c:/ruby/lib/ruby/1.8/webrick/server.rb:23:in `start'
    c:/ruby/lib/ruby/1.8/webrick/server.rb:82:in `start'

Rendered rescues/_trace (187.0ms)
Rendered rescues/_request_and_response (0.0ms)
Rendering rescues/layout (internal_server_error)
  [4;35;1mSQL (0.0ms)[0m   [0mSET NAMES 'utf8'[0m
  [4;36;1mSQL (0.0ms)[0m   [0;1mSET SQL_AUTO_IS_NULL=0[0m


Processing UsersController#new (for 127.0.0.1 at 2009-10-02 12:59:25) [GET]
  [4;35;1mUser Columns (16.0ms)[0m   [0mSHOW FIELDS FROM `users`[0m
Rendering template within layouts/users
Rendering users/new
Completed in 172ms (View: 141, DB: 16) | 200 OK [http://localhost/users/new]
  [4;36;1mSQL (0.0ms)[0m   [0;1mSET NAMES 'utf8'[0m
  [4;35;1mSQL (0.0ms)[0m   [0mSET SQL_AUTO_IS_NULL=0[0m


Processing UsersController#new (for 127.0.0.1 at 2009-10-02 13:13:51) [GET]
  [4;36;1mUser Columns (0.0ms)[0m   [0;1mSHOW FIELDS FROM `users`[0m
Rendering template within layouts/users
Rendering users/new
Completed in 78ms (View: 47, DB: 0) | 200 OK [http://localhost/users/new]
  [4;35;1mSQL (16.0ms)[0m   [0mSET NAMES 'utf8'[0m
  [4;36;1mSQL (0.0ms)[0m   [0;1mSET SQL_AUTO_IS_NULL=0[0m


Processing UsersController#new (for 127.0.0.1 at 2009-10-02 13:13:52) [GET]
  [4;35;1mUser Columns (0.0ms)[0m   [0mSHOW FIELDS FROM `users`[0m
Rendering template within layouts/users
Rendering users/new
Completed in 62ms (View: 31, DB: 16) | 200 OK [http://localhost/users/new]
  [4;36;1mSQL (0.0ms)[0m   [0;1mSET NAMES 'utf8'[0m
  [4;35;1mSQL (0.0ms)[0m   [0mSET SQL_AUTO_IS_NULL=0[0m


Processing UsersController#new (for 127.0.0.1 at 2009-10-02 13:13:52) [GET]
  [4;36;1mUser Columns (15.0ms)[0m   [0;1mSHOW FIELDS FROM `users`[0m
Rendering template within layouts/users
Rendering users/new
Completed in 47ms (View: 16, DB: 15) | 200 OK [http://localhost/users/new]
  [4;35;1mSQL (0.0ms)[0m   [0mSET NAMES 'utf8'[0m
  [4;36;1mSQL (0.0ms)[0m   [0;1mSET SQL_AUTO_IS_NULL=0[0m


Processing UsersController#new (for 127.0.0.1 at 2009-10-02 13:15:18) [GET]
  [4;35;1mUser Columns (16.0ms)[0m   [0mSHOW FIELDS FROM `users`[0m
Rendering template within layouts/users
Rendering users/new
Completed in 78ms (View: 31, DB: 16) | 200 OK [http://localhost/users/new]
  [4;36;1mSQL (0.0ms)[0m   [0;1mSET NAMES 'utf8'[0m
  [4;35;1mSQL (0.0ms)[0m   [0mSET SQL_AUTO_IS_NULL=0[0m


Processing UsersController#new (for 127.0.0.1 at 2009-10-02 13:18:03) [GET]
  [4;36;1mUser Columns (16.0ms)[0m   [0;1mSHOW FIELDS FROM `users`[0m
Rendering template within layouts/users
Rendering users/new
Completed in 78ms (View: 46, DB: 16) | 200 OK [http://localhost/users/new]
  [4;36;1mSQL (0.0ms)[0m   [0;1mSET NAMES 'utf8'[0m
  [4;35;1mSQL (0.0ms)[0m   [0mSET SQL_AUTO_IS_NULL=0[0m
  [4;36;1mSQL (16.0ms)[0m   [0;1mSHOW TABLES[0m
  [4;35;1mSQL (0.0ms)[0m   [0mSELECT version FROM schema_migrations[0m
  [4;36;1mSQL (0.0ms)[0m   [0;1mSHOW TABLES[0m
  [4;35;1mSQL (0.0ms)[0m   [0mSELECT version FROM schema_migrations[0m
  [4;36;1mSQL (0.0ms)[0m   [0;1mSET NAMES 'utf8'[0m
  [4;35;1mSQL (0.0ms)[0m   [0mSET SQL_AUTO_IS_NULL=0[0m


Processing UsersController#index (for 127.0.0.1 at 2009-10-02 13:18:56) [GET]
  [4;36;1mUser Load (0.0ms)[0m   [0;1mSELECT * FROM `users` [0m
Rendering template within layouts/users
Rendering users/index
Completed in 203ms (View: 187, DB: 0) | 200 OK [http://localhost/users]
  [4;35;1mSQL (0.0ms)[0m   [0mSET NAMES 'utf8'[0m
  [4;36;1mSQL (0.0ms)[0m   [0;1mSET SQL_AUTO_IS_NULL=0[0m


Processing UsersController#new (for 127.0.0.1 at 2009-10-02 13:18:58) [GET]
  [4;35;1mUser Columns (15.0ms)[0m   [0mSHOW FIELDS FROM `users`[0m
Rendering template within layouts/users
Rendering users/new
Completed in 328ms (View: 281, DB: 15) | 200 OK [http://localhost/users/new]
  [4;36;1mSQL (0.0ms)[0m   [0;1mSET NAMES 'utf8'[0m
  [4;35;1mSQL (0.0ms)[0m   [0mSET SQL_AUTO_IS_NULL=0[0m


Processing UsersController#new (for 127.0.0.1 at 2009-10-02 13:21:53) [GET]
  [4;36;1mUser Columns (0.0ms)[0m   [0;1mSHOW FIELDS FROM `users`[0m
Rendering template within layouts/users
Rendering users/new
Completed in 94ms (View: 47, DB: 0) | 200 OK [http://localhost/users/new]
  [4;35;1mSQL (0.0ms)[0m   [0mSET NAMES 'utf8'[0m
  [4;36;1mSQL (16.0ms)[0m   [0;1mSET SQL_AUTO_IS_NULL=0[0m


Processing ApplicationController#index (for 127.0.0.1 at 2009-10-02 13:21:53) [GET]

ActionController::RoutingError (No route matches "/stylesheets/style.css" with {:method=>:get}):
  c:/ruby/lib/ruby/1.8/webrick/httpserver.rb:104:in `service'
  c:/ruby/lib/ruby/1.8/webrick/httpserver.rb:65:in `run'
  c:/ruby/lib/ruby/1.8/webrick/server.rb:173:in `start_thread'
  c:/ruby/lib/ruby/1.8/webrick/server.rb:162:in `start'
  c:/ruby/lib/ruby/1.8/webrick/server.rb:162:in `start_thread'
  c:/ruby/lib/ruby/1.8/webrick/server.rb:95:in `start'
  c:/ruby/lib/ruby/1.8/webrick/server.rb:92:in `each'
  c:/ruby/lib/ruby/1.8/webrick/server.rb:92:in `start'
  c:/ruby/lib/ruby/1.8/webrick/server.rb:23:in `start'
  c:/ruby/lib/ruby/1.8/webrick/server.rb:82:in `start'

Rendering rescues/layout (not_found)
  [4;35;1mSQL (0.0ms)[0m   [0mSET NAMES 'utf8'[0m
  [4;36;1mSQL (0.0ms)[0m   [0;1mSET SQL_AUTO_IS_NULL=0[0m


Processing UsersController#check_for_unique_login (for 127.0.0.1 at 2009-10-02 13:21:55) [POST]
  Parameters: {"authenticity_token"=>"wTV4OfcbfogmIz0azNIdoPNoek09svDxpfKw0nLd/2M="}
  [4;35;1mUser Load (16.0ms)[0m   [0mSELECT * FROM `users` WHERE (login = '') LIMIT 1[0m
Rendering users/check_for_unique_login
Completed in 47ms (View: 16, DB: 16) | 200 OK [http://localhost/users/check_for_unique_login]
  [4;36;1mSQL (0.0ms)[0m   [0;1mSET NAMES 'utf8'[0m
  [4;35;1mSQL (0.0ms)[0m   [0mSET SQL_AUTO_IS_NULL=0[0m


Processing UsersController#check_for_unique_login (for 127.0.0.1 at 2009-10-02 13:21:56) [POST]
  Parameters: {"authenticity_token"=>"wTV4OfcbfogmIz0azNIdoPNoek09svDxpfKw0nLd/2M="}
  [4;36;1mUser Load (0.0ms)[0m   [0;1mSELECT * FROM `users` WHERE (login = '') LIMIT 1[0m
Rendering users/check_for_unique_login
Completed in 32ms (View: 0, DB: 0) | 200 OK [http://localhost/users/check_for_unique_login]
  [4;35;1mSQL (0.0ms)[0m   [0mSET NAMES 'utf8'[0m
  [4;36;1mSQL (0.0ms)[0m   [0;1mSET SQL_AUTO_IS_NULL=0[0m


Processing UsersController#check_for_unique_login (for 127.0.0.1 at 2009-10-02 13:21:57) [POST]
  Parameters: {"authenticity_token"=>"wTV4OfcbfogmIz0azNIdoPNoek09svDxpfKw0nLd/2M="}
  [4;35;1mUser Load (0.0ms)[0m   [0mSELECT * FROM `users` WHERE (login = '') LIMIT 1[0m
Rendering users/check_for_unique_login
Completed in 156ms (View: 15, DB: 0) | 200 OK [http://localhost/users/check_for_unique_login]
  [4;36;1mSQL (0.0ms)[0m   [0;1mSET NAMES 'utf8'[0m
  [4;35;1mSQL (0.0ms)[0m   [0mSET SQL_AUTO_IS_NULL=0[0m


Processing UsersController#create (for 127.0.0.1 at 2009-10-02 13:23:17) [POST]
  Parameters: {"user"=>{"name"=>"ashish", "password"=>"7b69ad8a8999d4ca7c42b8a729fb0ffd", "login"=>"ashish", "email"=>"aashish.kiran@gmail.com"}, "commit"=>"Create", "authenticity_token"=>"wTV4OfcbfogmIz0azNIdoPNoek09svDxpfKw0nLd/2M=", "confirm_password"=>"ashish"}
  [4;36;1mUser Columns (15.0ms)[0m   [0;1mSHOW FIELDS FROM `users`[0m
  [4;35;1mSQL (0.0ms)[0m   [0mBEGIN[0m
  [4;36;1mUser Load (31.0ms)[0m   [0;1mSELECT `users`.id FROM `users` WHERE (`users`.`login` = BINARY 'ashish') LIMIT 1[0m
  [4;35;1mUser Create (0.0ms)[0m   [0mINSERT INTO `users` (`name`, `updated_at`, `login`, `password`, `email`, `created_at`) VALUES('ashish', '2009-10-02 07:53:17', 'ashish', '7b69ad8a8999d4ca7c42b8a729fb0ffd', 'aashish.kiran@gmail.com', '2009-10-02 07:53:17')[0m
  [4;36;1mSQL (32.0ms)[0m   [0;1mCOMMIT[0m
Redirected to http://localhost:3000/users/1
Completed in 109ms (DB: 78) | 302 Found [http://localhost/users]
  [4;35;1mSQL (0.0ms)[0m   [0mSET NAMES 'utf8'[0m
  [4;36;1mSQL (0.0ms)[0m   [0;1mSET SQL_AUTO_IS_NULL=0[0m


Processing UsersController#show (for 127.0.0.1 at 2009-10-02 13:23:17) [GET]
  Parameters: {"id"=>"1"}
  [4;35;1mUser Columns (16.0ms)[0m   [0mSHOW FIELDS FROM `users`[0m
  [4;36;1mUser Load (0.0ms)[0m   [0;1mSELECT * FROM `users` WHERE (`users`.`id` = 1) [0m
Rendering template within layouts/users
Rendering users/show
Completed in 63ms (View: 31, DB: 16) | 200 OK [http://localhost/users/1]
  [4;35;1mSQL (0.0ms)[0m   [0mSET NAMES 'utf8'[0m
  [4;36;1mSQL (15.0ms)[0m   [0;1mSET SQL_AUTO_IS_NULL=0[0m


Processing ApplicationController#index (for 127.0.0.1 at 2009-10-02 13:23:18) [GET]

ActionController::RoutingError (No route matches "/stylesheets/style.css" with {:method=>:get}):
  c:/ruby/lib/ruby/1.8/webrick/httpserver.rb:104:in `service'
  c:/ruby/lib/ruby/1.8/webrick/httpserver.rb:65:in `run'
  c:/ruby/lib/ruby/1.8/webrick/server.rb:173:in `start_thread'
  c:/ruby/lib/ruby/1.8/webrick/server.rb:162:in `start'
  c:/ruby/lib/ruby/1.8/webrick/server.rb:162:in `start_thread'
  c:/ruby/lib/ruby/1.8/webrick/server.rb:95:in `start'
  c:/ruby/lib/ruby/1.8/webrick/server.rb:92:in `each'
  c:/ruby/lib/ruby/1.8/webrick/server.rb:92:in `start'
  c:/ruby/lib/ruby/1.8/webrick/server.rb:23:in `start'
  c:/ruby/lib/ruby/1.8/webrick/server.rb:82:in `start'

Rendering rescues/layout (not_found)
  [4;35;1mSQL (0.0ms)[0m   [0mSET NAMES 'utf8'[0m
  [4;36;1mSQL (0.0ms)[0m   [0;1mSET SQL_AUTO_IS_NULL=0[0m


Processing UsersController#index (for 127.0.0.1 at 2009-10-02 13:23:27) [GET]
  [4;35;1mUser Load (0.0ms)[0m   [0mSELECT * FROM `users` [0m
Rendering template within layouts/users
Rendering users/index
  [4;36;1mUser Columns (16.0ms)[0m   [0;1mSHOW FIELDS FROM `users`[0m
Completed in 62ms (View: 15, DB: 16) | 200 OK [http://localhost/users]
  [4;35;1mSQL (0.0ms)[0m   [0mSET NAMES 'utf8'[0m
  [4;36;1mSQL (16.0ms)[0m   [0;1mSET SQL_AUTO_IS_NULL=0[0m


Processing ApplicationController#index (for 127.0.0.1 at 2009-10-02 13:23:27) [GET]

ActionController::RoutingError (No route matches "/stylesheets/style.css" with {:method=>:get}):
  c:/ruby/lib/ruby/1.8/webrick/httpserver.rb:104:in `service'
  c:/ruby/lib/ruby/1.8/webrick/httpserver.rb:65:in `run'
  c:/ruby/lib/ruby/1.8/webrick/server.rb:173:in `start_thread'
  c:/ruby/lib/ruby/1.8/webrick/server.rb:162:in `start'
  c:/ruby/lib/ruby/1.8/webrick/server.rb:162:in `start_thread'
  c:/ruby/lib/ruby/1.8/webrick/server.rb:95:in `start'
  c:/ruby/lib/ruby/1.8/webrick/server.rb:92:in `each'
  c:/ruby/lib/ruby/1.8/webrick/server.rb:92:in `start'
  c:/ruby/lib/ruby/1.8/webrick/server.rb:23:in `start'
  c:/ruby/lib/ruby/1.8/webrick/server.rb:82:in `start'

Rendering rescues/layout (not_found)
  [4;35;1mSQL (0.0ms)[0m   [0mSET NAMES 'utf8'[0m
  [4;36;1mSQL (0.0ms)[0m   [0;1mSET SQL_AUTO_IS_NULL=0[0m


Processing UsersController#show (for 127.0.0.1 at 2009-10-02 13:27:34) [GET]
  Parameters: {"id"=>"1"}
  [4;35;1mUser Columns (31.0ms)[0m   [0mSHOW FIELDS FROM `users`[0m
  [4;36;1mUser Load (0.0ms)[0m   [0;1mSELECT * FROM `users` WHERE (`users`.`id` = 1) [0m
Rendering template within layouts/users
Rendering users/show
Completed in 110ms (View: 47, DB: 31) | 200 OK [http://localhost/users/1]
  [4;35;1mSQL (0.0ms)[0m   [0mSET NAMES 'utf8'[0m
  [4;36;1mSQL (0.0ms)[0m   [0;1mSET SQL_AUTO_IS_NULL=0[0m


Processing ApplicationController#index (for 127.0.0.1 at 2009-10-02 13:27:34) [GET]

ActionController::RoutingError (No route matches "/stylesheets/style.css" with {:method=>:get}):
  c:/ruby/lib/ruby/1.8/webrick/httpserver.rb:104:in `service'
  c:/ruby/lib/ruby/1.8/webrick/httpserver.rb:65:in `run'
  c:/ruby/lib/ruby/1.8/webrick/server.rb:173:in `start_thread'
  c:/ruby/lib/ruby/1.8/webrick/server.rb:162:in `start'
  c:/ruby/lib/ruby/1.8/webrick/server.rb:162:in `start_thread'
  c:/ruby/lib/ruby/1.8/webrick/server.rb:95:in `start'
  c:/ruby/lib/ruby/1.8/webrick/server.rb:92:in `each'
  c:/ruby/lib/ruby/1.8/webrick/server.rb:92:in `start'
  c:/ruby/lib/ruby/1.8/webrick/server.rb:23:in `start'
  c:/ruby/lib/ruby/1.8/webrick/server.rb:82:in `start'

Rendering rescues/layout (not_found)
  [4;35;1mSQL (0.0ms)[0m   [0mSET NAMES 'utf8'[0m
  [4;36;1mSQL (0.0ms)[0m   [0;1mSET SQL_AUTO_IS_NULL=0[0m


Processing UsersController#index (for 127.0.0.1 at 2009-10-02 13:27:36) [GET]
  [4;35;1mUser Load (0.0ms)[0m   [0mSELECT * FROM `users` [0m
Rendering template within layouts/users
Rendering users/index
  [4;36;1mUser Columns (16.0ms)[0m   [0;1mSHOW FIELDS FROM `users`[0m
Completed in 172ms (View: 46, DB: 16) | 200 OK [http://localhost/users]
  [4;35;1mSQL (0.0ms)[0m   [0mSET NAMES 'utf8'[0m
  [4;36;1mSQL (0.0ms)[0m   [0;1mSET SQL_AUTO_IS_NULL=0[0m


Processing ApplicationController#index (for 127.0.0.1 at 2009-10-02 13:27:36) [GET]

ActionController::RoutingError (No route matches "/stylesheets/style.css" with {:method=>:get}):
  c:/ruby/lib/ruby/1.8/webrick/httpserver.rb:104:in `service'
  c:/ruby/lib/ruby/1.8/webrick/httpserver.rb:65:in `run'
  c:/ruby/lib/ruby/1.8/webrick/server.rb:173:in `start_thread'
  c:/ruby/lib/ruby/1.8/webrick/server.rb:162:in `start'
  c:/ruby/lib/ruby/1.8/webrick/server.rb:162:in `start_thread'
  c:/ruby/lib/ruby/1.8/webrick/server.rb:95:in `start'
  c:/ruby/lib/ruby/1.8/webrick/server.rb:92:in `each'
  c:/ruby/lib/ruby/1.8/webrick/server.rb:92:in `start'
  c:/ruby/lib/ruby/1.8/webrick/server.rb:23:in `start'
  c:/ruby/lib/ruby/1.8/webrick/server.rb:82:in `start'

Rendering rescues/layout (not_found)
